1
NVIDIA A40
Loading checkpoint shards:   0%|          | 0/2 [00:00<?, ?it/s]Loading checkpoint shards:  50%|█████     | 1/2 [00:02<00:02,  2.57s/it]Loading checkpoint shards: 100%|██████████| 2/2 [00:04<00:00,  1.92s/it]Loading checkpoint shards: 100%|██████████| 2/2 [00:04<00:00,  2.02s/it]
  0%|          | 0/1000 [00:00<?, ?it/s]Traceback (most recent call last):
  File "/home/karan/projects/sealion/train-sealion.py", line 92, in <module>
    trainer.train()
  File "/home/karan/projects/sealion/venv/lib/python3.11/site-packages/transformers/trainer.py", line 1591, in train
    return inner_training_loop(
           ^^^^^^^^^^^^^^^^^^^^
  File "/home/karan/projects/sealion/venv/lib/python3.11/site-packages/transformers/trainer.py", line 1892, in _inner_training_loop
    tr_loss_step = self.training_step(model, inputs)
                   ^^^^^^^^^^^^^^^^^^^^^^^^^^^^^^^^^
  File "/home/karan/projects/sealion/venv/lib/python3.11/site-packages/transformers/trainer.py", line 2776, in training_step
    loss = self.compute_loss(model, inputs)
           ^^^^^^^^^^^^^^^^^^^^^^^^^^^^^^^^
  File "/home/karan/projects/sealion/venv/lib/python3.11/site-packages/transformers/trainer.py", line 2801, in compute_loss
    outputs = model(**inputs)
              ^^^^^^^^^^^^^^^
  File "/home/karan/projects/sealion/venv/lib/python3.11/site-packages/torch/nn/modules/module.py", line 1518, in _wrapped_call_impl
    return self._call_impl(*args, **kwargs)
           ^^^^^^^^^^^^^^^^^^^^^^^^^^^^^^^^
  File "/home/karan/projects/sealion/venv/lib/python3.11/site-packages/torch/nn/modules/module.py", line 1527, in _call_impl
    return forward_call(*args, **kwargs)
           ^^^^^^^^^^^^^^^^^^^^^^^^^^^^^
  File "/home/karan/projects/sealion/venv/lib/python3.11/site-packages/accelerate/utils/operations.py", line 680, in forward
    return model_forward(*args, **kwargs)
           ^^^^^^^^^^^^^^^^^^^^^^^^^^^^^^
  File "/home/karan/projects/sealion/venv/lib/python3.11/site-packages/accelerate/utils/operations.py", line 668, in __call__
    return convert_to_fp32(self.model_forward(*args, **kwargs))
                           ^^^^^^^^^^^^^^^^^^^^^^^^^^^^^^^^^^^
  File "/home/karan/projects/sealion/venv/lib/python3.11/site-packages/torch/amp/autocast_mode.py", line 16, in decorate_autocast
    return func(*args, **kwargs)
           ^^^^^^^^^^^^^^^^^^^^^
  File "/home/karan/projects/sealion/venv/lib/python3.11/site-packages/peft/peft_model.py", line 993, in forward
    return self.base_model(
           ^^^^^^^^^^^^^^^^
  File "/home/karan/projects/sealion/venv/lib/python3.11/site-packages/torch/nn/modules/module.py", line 1518, in _wrapped_call_impl
    return self._call_impl(*args, **kwargs)
           ^^^^^^^^^^^^^^^^^^^^^^^^^^^^^^^^
  File "/home/karan/projects/sealion/venv/lib/python3.11/site-packages/torch/nn/modules/module.py", line 1527, in _call_impl
    return forward_call(*args, **kwargs)
           ^^^^^^^^^^^^^^^^^^^^^^^^^^^^^
  File "/home/karan/projects/sealion/venv/lib/python3.11/site-packages/peft/tuners/tuners_utils.py", line 107, in forward
    return self.model.forward(*args, **kwargs)
           ^^^^^^^^^^^^^^^^^^^^^^^^^^^^^^^^^^^
  File "/home/karan/projects/sealion/venv/lib/python3.11/site-packages/accelerate/hooks.py", line 165, in new_forward
    output = module._old_forward(*args, **kwargs)
             ^^^^^^^^^^^^^^^^^^^^^^^^^^^^^^^^^^^^
TypeError: MptForCausalLM.forward() got an unexpected keyword argument 'token_type_ids'
  0%|          | 0/1000 [00:00<?, ?it/s]
